Start testing: Jun 20 14:45 RTZ 2 (çèìà)
----------------------------------------------------------
Test not available without configuration.  (Missing "-C <config>"?)
1/4 Testing: Test_Devices
1/4 Test: Test_Devices
Command: "NOT_AVAILABLE"
Directory: C:/Users/danii/Desktop/Cplusplus-Queue/build/test
"Test_Devices" start time: 
Output:
----------------------------------------------------------
<end of output>
Test time =   0.00 sec
----------------------------------------------------------
Test Passed.
"Test_Devices" end time: Jun 20 14:45 RTZ 2 (çèìà)
"Test_Devices" time elapsed: 00:00:00
----------------------------------------------------------

Test not available without configuration.  (Missing "-C <config>"?)
3/4 Testing: Test_Events
3/4 Test: Test_Events
Command: "NOT_AVAILABLE"
Directory: C:/Users/danii/Desktop/Cplusplus-Queue/build/test
"Test_Events" start time: 
Output:
----------------------------------------------------------
<end of output>
Test time =   0.00 sec
----------------------------------------------------------
Test Passed.
"Test_Events" end time: Jun 20 14:45 RTZ 2 (çèìà)
"Test_Events" time elapsed: 00:00:00
----------------------------------------------------------

Test not available without configuration.  (Missing "-C <config>"?)
4/4 Testing: Test_Parser
4/4 Test: Test_Parser
Command: "NOT_AVAILABLE"
Directory: C:/Users/danii/Desktop/Cplusplus-Queue/build/test
"Test_Parser" start time: 
Output:
----------------------------------------------------------
<end of output>
Test time =   0.00 sec
----------------------------------------------------------
Test Passed.
"Test_Parser" end time: Jun 20 14:45 RTZ 2 (çèìà)
"Test_Parser" time elapsed: 00:00:00
----------------------------------------------------------

End testing: Jun 20 14:45 RTZ 2 (çèìà)
